<?xml version="1.0" encoding="UTF-8"?>
<!-- Generated by org.testng.reporters.JUnitReportReporter -->
<testsuite hostname="DESKTOP-HU45FAP" failures="0" tests="5" name="demo.Demo3" time="0.052" errors="0" timestamp="2024-06-17T20:04:08 IST" skipped="0">
  <testcase classname="demo.Demo3" name="loginApiTest" time="0.011"/>
  <system-out/>
  <testcase classname="demo.Demo3" name="mobile1" time="0.013"/>
  <system-out/>
  <testcase classname="demo.Demo3" name="mobile3" time="0.002"/>
  <system-out/>
  <testcase classname="demo.Demo3" name="mobile2" time="0.006"/>
  <system-out/>
  <testcase classname="demo.Demo3" name="ApiTest" time="0.020"/>
  <system-out/>
</testsuite> <!-- demo.Demo3 -->
