<?xml version="1.0" encoding="UTF-8"?>
<!-- Generated by org.testng.reporters.JUnitReportReporter -->
<testsuite hostname="DESKTOP-HU45FAP" failures="0" tests="1" name="demo.TestDemoo" time="0.004" errors="0" timestamp="2024-06-17T20:04:08 IST" skipped="0">
  <testcase classname="demo.TestDemoo" name="dummy" time="0.004"/>
  <system-out/>
</testsuite> <!-- demo.TestDemoo -->
