<?xml version="1.0" encoding="UTF-8"?>
<!-- Generated by org.testng.reporters.JUnitReportReporter -->
<testsuite hostname="DESKTOP-HU45FAP" failures="0" tests="2" name="demo.TestNgDemo" time="0.016" errors="0" timestamp="2024-06-17T20:04:08 IST" skipped="0">
  <testcase classname="demo.TestNgDemo" name="demo" time="0.005"/>
  <system-out/>
  <testcase classname="demo.TestNgDemo" name="demo1" time="0.011"/>
  <system-out/>
</testsuite> <!-- demo.TestNgDemo -->
